<?xml version="1.0" encoding="UTF-8"?>
<!-- Generated by org.testng.reporters.JUnitReportReporter -->
<testsuite hostname="DESKTOP-AAOC0E9" failures="0" tests="1" name="com.qa.MyPerfectBuy.LoginPage" time="20.325" errors="0" timestamp="18 May 2021 09:44:18 GMT" skipped="0">
  <testcase classname="com.qa.MyPerfectBuy.LoginPage" name="CheckLoginPageForgotPasswordInvalidEmailTest" time="20.325"/>
</testsuite> <!-- com.qa.MyPerfectBuy.LoginPage -->
