<?xml version="1.0" encoding="UTF-8"?>
<!-- Generated by org.testng.reporters.JUnitReportReporter -->
<testsuite hostname="DESKTOP-AAOC0E9" failures="0" tests="3" name="com.qa.MyPerfectBuy.RegistrationPage" time="58.549" errors="0" timestamp="18 May 2021 09:23:09 GMT" skipped="0">
  <testcase classname="com.qa.MyPerfectBuy.RegistrationPage" name="RegistrationOpenTest" time="17.694"/>
  <testcase classname="com.qa.MyPerfectBuy.RegistrationPage" name="CheckRegistrationWithValidValuesTest" time="20.471"/>
  <testcase classname="com.qa.MyPerfectBuy.RegistrationPage" name="CheckRegistrationWithoutValuesTest" time="20.384"/>
</testsuite> <!-- com.qa.MyPerfectBuy.RegistrationPage -->
